0 info it worked if it ends with ok
1 verbose cli [ '/usr/local/bin/node',
1 verbose cli   '/usr/local/bin/npm',
1 verbose cli   'publish',
1 verbose cli   '--access',
1 verbose cli   'public' ]
2 info using npm@3.10.9
3 info using node@v5.11.1
4 verbose publish [ '.' ]
5 silly cache add args [ '.', null ]
6 verbose cache add spec .
7 silly cache add parsed spec Result {
7 silly cache add   raw: '.',
7 silly cache add   scope: null,
7 silly cache add   escapedName: null,
7 silly cache add   name: null,
7 silly cache add   rawSpec: '.',
7 silly cache add   spec: '/Users/admin_bah34/Documents/newcodeprojects/quicklog-easy',
7 silly cache add   type: 'directory' }
8 verbose addLocalDirectory /Users/admin_bah34/.npm/quicklog-easy/1.0.0/package.tgz not in flight; packing
9 verbose correctMkdir /Users/admin_bah34/.npm correctMkdir not in flight; initializing
10 info lifecycle quicklog-easy@1.0.0~prepublish: quicklog-easy@1.0.0
11 silly lifecycle quicklog-easy@1.0.0~prepublish: no script for prepublish, continuing
12 verbose tar pack [ '/Users/admin_bah34/.npm/quicklog-easy/1.0.0/package.tgz',
12 verbose tar pack   '/Users/admin_bah34/Documents/newcodeprojects/quicklog-easy' ]
13 verbose tarball /Users/admin_bah34/.npm/quicklog-easy/1.0.0/package.tgz
14 verbose folder /Users/admin_bah34/Documents/newcodeprojects/quicklog-easy
15 verbose addLocalTarball adding from inside cache /Users/admin_bah34/.npm/quicklog-easy/1.0.0/package.tgz
16 verbose correctMkdir /Users/admin_bah34/.npm correctMkdir not in flight; initializing
17 silly cache afterAdd quicklog-easy@1.0.0
18 verbose afterAdd /Users/admin_bah34/.npm/quicklog-easy/1.0.0/package/package.json not in flight; writing
19 verbose correctMkdir /Users/admin_bah34/.npm correctMkdir not in flight; initializing
20 verbose afterAdd /Users/admin_bah34/.npm/quicklog-easy/1.0.0/package/package.json written
21 silly publish { name: 'quicklog-easy',
21 silly publish   version: '1.0.0',
21 silly publish   description: 'Quick Logging Utility designed to append to a file of your specification',
21 silly publish   main: 'quickLog.js',
21 silly publish   scripts: { test: 'mocha --reporter spec' },
21 silly publish   keywords: [ 'log', 'logging', 'easy' ],
21 silly publish   author: { name: 'Bevin Hernandez' },
21 silly publish   license: 'MIT',
21 silly publish   repository:
21 silly publish    { type: 'git',
21 silly publish      url: 'git+https://github.com/bevinh/quicklog.git' },
21 silly publish   bugs: { url: 'https://github.com/bevinh/quicklog/issues' },
21 silly publish   dependencies: { fs: '0.0.1-security' },
21 silly publish   devDependencies: { mocha: '^3.2.0' },
21 silly publish   readme: '# quicklog\nQuick and easy logger for Node\n\n##Installation\n\'npm install quicklog-easy\'\n\n## Usage\nInclude at the top of your file \'var quickLog = require(\'../quickLog.js\').quickLog;\'\n\nthen use like\n\nquickLog(\'pathtoyourfile.log\', \'message you want to append to the log\');\n\nAnywhere you want to append, and to any logfile that you want to create!\n',
21 silly publish   readmeFilename: 'README.md',
21 silly publish   gitHead: '51ea412b60ae8523ef62b3c5529e5de197b1d00f',
21 silly publish   homepage: 'https://github.com/bevinh/quicklog#readme',
21 silly publish   _id: 'quicklog-easy@1.0.0',
21 silly publish   _shasum: 'c085442aee3770dc5a657d5308a472cfaed232c9',
21 silly publish   _from: '.' }
22 verbose getPublishConfig undefined
23 silly mapToRegistry name quicklog-easy
24 silly mapToRegistry using default registry
25 silly mapToRegistry registry https://registry.npmjs.org/
26 silly mapToRegistry data Result {
26 silly mapToRegistry   raw: 'quicklog-easy',
26 silly mapToRegistry   scope: null,
26 silly mapToRegistry   escapedName: 'quicklog-easy',
26 silly mapToRegistry   name: 'quicklog-easy',
26 silly mapToRegistry   rawSpec: '',
26 silly mapToRegistry   spec: 'latest',
26 silly mapToRegistry   type: 'tag' }
27 silly mapToRegistry uri https://registry.npmjs.org/quicklog-easy
28 verbose publish registryBase https://registry.npmjs.org/
29 silly publish uploading /Users/admin_bah34/.npm/quicklog-easy/1.0.0/package.tgz
30 verbose request uri https://registry.npmjs.org/quicklog-easy
31 verbose request sending authorization for write operation
32 info attempt registry request try #1 at 5:28:55 PM
33 verbose request using bearer token for auth
34 verbose request id 18465200894e0b9d
35 http request PUT https://registry.npmjs.org/quicklog-easy
36 http 403 https://registry.npmjs.org/quicklog-easy
37 verbose headers { 'content-type': 'application/json',
37 verbose headers   'cache-control': 'max-age=300',
37 verbose headers   'content-length': '128',
37 verbose headers   'accept-ranges': 'bytes',
37 verbose headers   date: 'Mon, 02 Jan 2017 22:28:56 GMT',
37 verbose headers   via: '1.1 varnish',
37 verbose headers   connection: 'keep-alive',
37 verbose headers   'x-served-by': 'cache-iad2641-IAD',
37 verbose headers   'x-cache': 'MISS',
37 verbose headers   'x-cache-hits': '0',
37 verbose headers   'x-timer': 'S1483396134.725162,VS0,VE1717',
37 verbose headers   vary: 'Accept-Encoding' }
38 verbose request invalidating /Users/admin_bah34/.npm/registry.npmjs.org/quicklog-easy on PUT
39 error publish Failed PUT 403
40 verbose stack Error: "You cannot publish over the previously published version 1.0.0. Try bumping the version to 2.0.0" : quicklog-easy
40 verbose stack     at makeError (/usr/local/lib/node_modules/npm/node_modules/npm-registry-client/lib/request.js:302:12)
40 verbose stack     at CachingRegistryClient.<anonymous> (/usr/local/lib/node_modules/npm/node_modules/npm-registry-client/lib/request.js:290:14)
40 verbose stack     at Request._callback (/usr/local/lib/node_modules/npm/node_modules/npm-registry-client/lib/request.js:210:14)
40 verbose stack     at Request.self.callback (/usr/local/lib/node_modules/npm/node_modules/request/request.js:187:22)
40 verbose stack     at emitTwo (events.js:100:13)
40 verbose stack     at Request.emit (events.js:185:7)
40 verbose stack     at Request.<anonymous> (/usr/local/lib/node_modules/npm/node_modules/request/request.js:1048:10)
40 verbose stack     at emitOne (events.js:90:13)
40 verbose stack     at Request.emit (events.js:182:7)
40 verbose stack     at IncomingMessage.<anonymous> (/usr/local/lib/node_modules/npm/node_modules/request/request.js:969:12)
41 verbose statusCode 403
42 verbose pkgid quicklog-easy
43 verbose cwd /Users/admin_bah34/Documents/newcodeprojects/quicklog-easy
44 error Darwin 15.6.0
45 error argv "/usr/local/bin/node" "/usr/local/bin/npm" "publish" "--access" "public"
46 error node v5.11.1
47 error npm  v3.10.9
48 error code E403
49 error "You cannot publish over the previously published version 1.0.0. Try bumping the version to 2.0.0" : quicklog-easy
50 error If you need help, you may report this error at:
50 error     <https://github.com/npm/npm/issues>
51 verbose exit [ 1, true ]
